
/home/runner/work/exp-flow-syphon-iitb/exp-flow-syphon-iitb/experiment/simulation/common_libraries/js/ts_components/collapse_step.js
   1:10  warning  'show_step' is defined but never used                 no-unused-vars
   2:5   warning  '$' is not defined                                    no-undef
   3:9   warning  '$' is not defined                                    no-undef
   6:10  warning  'hide_step' is defined but never used                 no-unused-vars
   7:5   warning  '$' is not defined                                    no-undef
   8:9   warning  '$' is not defined                                    no-undef
  11:10  warning  'get_collapse_btn_text' is defined but never used     no-unused-vars
  20:10  warning  'get_collapse_btn_element' is defined but never used  no-unused-vars
  29:10  warning  'hide_all_steps' is defined but never used            no-unused-vars
  31:9   warning  '$' is not defined                                    no-undef

/home/runner/work/exp-flow-syphon-iitb/exp-flow-syphon-iitb/experiment/simulation/common_libraries/js/ts_components/matrix.js
   27:26  warning  'MathJax' is not defined                                no-undef
   32:7   warning  'Matrix_Without_String' is defined but never used       no-unused-vars
   52:26  warning  'MathJax' is not defined                                no-undef
   56:10  warning  'get_matrix_html' is defined but never used             no-unused-vars
   87:13  warning  'row_html' is assigned a value but never used           no-unused-vars
   99:10  warning  'get_matrix_html_with_title' is defined but never used  no-unused-vars
  131:13  warning  'row_html' is assigned a value but never used           no-unused-vars
  143:10  warning  'convert_2d_to_1d_vector' is defined but never used     no-unused-vars
  156:10  warning  'convert_1d_to_2d_matrix' is defined but never used     no-unused-vars

/home/runner/work/exp-flow-syphon-iitb/exp-flow-syphon-iitb/experiment/simulation/common_libraries/js/ts_components/pannel.js
  8:7  warning  'Pannel' is defined but never used  no-unused-vars

/home/runner/work/exp-flow-syphon-iitb/exp-flow-syphon-iitb/experiment/simulation/common_libraries/js/ts_components/questions.js
   6:17  warning  'op1' is assigned a value but never used      no-unused-vars
   7:17  warning  'op2' is assigned a value but never used      no-unused-vars
   8:17  warning  'op3' is assigned a value but never used      no-unused-vars
   9:17  warning  'op4' is assigned a value but never used      no-unused-vars
  94:7   warning  'Question_Options' is defined but never used  no-unused-vars

/home/runner/work/exp-flow-syphon-iitb/exp-flow-syphon-iitb/experiment/simulation/common_libraries/js/ts_components/tables.js
   19:22  warning  'verify_values' is not defined                                     no-undef
  137:22  warning  'verify_values' is not defined                                     no-undef
  260:7   warning  'Verify_Rows_Cols_6_decimal_places' is defined but never used      no-unused-vars
  311:22  warning  'verify_values' is not defined                                     no-undef
  416:7   warning  'Verify_Rows_Cols_Custom_Fixed_Update1' is defined but never used  no-unused-vars
  468:7   warning  'Show_Table_Custom_Fixed' is defined but never used                no-unused-vars
  506:7   warning  'Verify_Rows_Cols_Strings' is defined but never used               no-unused-vars
  527:22  warning  'verify_values' is not defined                                     no-undef
  663:7   warning  'Display_Table' is defined but never used                          no-unused-vars

/home/runner/work/exp-flow-syphon-iitb/exp-flow-syphon-iitb/experiment/simulation/common_libraries/js/ts_math_library/general_math_functions.js
    1:10  warning  'verify_values' is defined but never used                   no-unused-vars
   17:10  warning  'random1' is defined but never used                         no-unused-vars
   21:10  warning  'std_deviation' is defined but never used                   no-unused-vars
   26:10  warning  'gauss' is defined but never used                           no-unused-vars
   56:10  warning  'hide_panel' is defined but never used                      no-unused-vars
   63:10  warning  'inverse_matrix' is defined but never used                  no-unused-vars
   96:10  warning  'matrix_multiplication' is defined but never used           no-unused-vars
  113:10  warning  'transpose_matrix' is defined but never used                no-unused-vars
  123:10  warning  'matrix_multiplication_8decimal' is defined but never used  no-unused-vars
  140:10  warning  'adjoint_2x2_matrix' is defined but never used              no-unused-vars
  145:10  warning  'find_deteminant' is defined but never used                 no-unused-vars
  174:10  warning  'get_Submatrix' is defined but never used                   no-unused-vars

/home/runner/work/exp-flow-syphon-iitb/exp-flow-syphon-iitb/experiment/simulation/common_libraries/js/ts_math_library/regression.js
   1:10  warning  'regression_linear' is defined but never used            no-unused-vars
  18:10  warning  'regression_linear_1variable' is defined but never used  no-unused-vars
  27:10  warning  'regression_linear_2variable' is defined but never used  no-unused-vars
  52:11  warning  'gauss' is not defined                                   no-undef

/home/runner/work/exp-flow-syphon-iitb/exp-flow-syphon-iitb/experiment/simulation/common_libraries/math.ob.js
  1:745  warning  'b' is already defined  no-redeclare

/home/runner/work/exp-flow-syphon-iitb/exp-flow-syphon-iitb/experiment/simulation/js/activity1.js
   14:9    warning  'MathJax' is not defined                        no-undef
   18:10   warning  'start_act1' is defined but never used          no-unused-vars
   23:20   warning  'get_collapse_btn_text' is not defined          no-undef
   31:33   warning  'd' is not defined                              no-undef
   31:116  warning  'h2' is not defined                             no-undef
   34:40   warning  'L' is not defined                              no-undef
   34:80   warning  'h1' is not defined                             no-undef
   37:75   warning  'L1' is not defined                             no-undef
   40:102  warning  'f' is not defined                              no-undef
   65:5    warning  'hide_all_steps' is not defined                 no-undef
   67:9    warning  'MathJax' is not defined                        no-undef
   70:9    warning  'show_step' is not defined                      no-undef
   74:5    warning  'd' is not defined                              no-undef
   74:9    warning  'random1' is not defined                        no-undef
   75:5    warning  'h1' is not defined                             no-undef
   75:21   warning  'random' is not defined                         no-undef
   76:5    warning  'h2' is not defined                             no-undef
   76:10   warning  'random1' is not defined                        no-undef
   77:5    warning  'L' is not defined                              no-undef
   77:9    warning  'random1' is not defined                        no-undef
   78:5    warning  'L1' is not defined                             no-undef
   78:10   warning  'random1' is not defined                        no-undef
   79:5    warning  'v_B' is not defined                            no-undef
   79:32   warning  'h2' is not defined                             no-undef
   79:43   warning  'g' is not defined                              no-undef
   79:48   warning  'd' is not defined                              no-undef
   79:66   warning  'f' is not defined                              no-undef
   79:70   warning  'L' is not defined                              no-undef
   80:5    warning  'Q_ms' is not defined                           no-undef
   80:50   warning  'd' is not defined                              no-undef
   80:66   warning  'v_B' is not defined                            no-undef
   81:5    warning  'Q_ls' is not defined                           no-undef
   81:12   warning  'Q_ms' is not defined                           no-undef
   82:5    warning  'p_C' is not defined                            no-undef
   82:34   warning  'v_B' is not defined                            no-undef
   82:49   warning  'g' is not defined                              no-undef
   83:9    warning  'h1' is not defined                             no-undef
   84:14   warning  'f' is not defined                              no-undef
   84:18   warning  'L1' is not defined                             no-undef
   84:32   warning  'v_B' is not defined                            no-undef
   84:48   warning  'g' is not defined                              no-undef
   84:53   warning  'd' is not defined                              no-undef
   85:17   warning  'p_C' is not defined                            no-undef
   87:10   warning  'verify_vb' is defined but never used           no-unused-vars
   89:17   warning  'v_B' is not defined                            no-undef
   90:10   warning  'verify_values' is not defined                  no-undef
   90:50   warning  'v_B' is not defined                            no-undef
  105:21   warning  'v_B' is not defined                            no-undef
  112:9    warning  'MathJax' is not defined                        no-undef
  115:10   warning  'load_discharge' is defined but never used      no-unused-vars
  148:9    warning  'MathJax' is not defined                        no-undef
  151:10   warning  'verify_discharge' is defined but never used    no-unused-vars
  154:17   warning  'Q_ms' is not defined                           no-undef
  154:23   warning  'Q_ls' is not defined                           no-undef
  155:10   warning  'verify_values' is not defined                  no-undef
  155:52   warning  'Q_ms' is not defined                           no-undef
  164:10   warning  'verify_values' is not defined                  no-undef
  164:52   warning  'Q_ls' is not defined                           no-undef
  179:19   warning  'Q_ms' is not defined                           no-undef
  180:19   warning  'Q_ls' is not defined                           no-undef
  187:9    warning  'MathJax' is not defined                        no-undef
  190:10   warning  'load_rho_c' is defined but never used          no-unused-vars
  217:9    warning  'MathJax' is not defined                        no-undef
  220:10   warning  'verify_rho_c' is defined but never used        no-unused-vars
  222:17   warning  'p_C' is not defined                            no-undef
  223:10   warning  'verify_values' is not defined                  no-undef
  223:53   warning  'p_C' is not defined                            no-undef
  238:38   warning  'p_C' is not defined                            no-undef
  245:9    warning  'MathJax' is not defined                        no-undef
  248:10   warning  'activity_completed' is defined but never used  no-unused-vars

/home/runner/work/exp-flow-syphon-iitb/exp-flow-syphon-iitb/experiment/simulation/js/data.js
   1:5  warning  'g' is assigned a value but never used   no-unused-vars
   2:5  warning  'd' is assigned a value but never used   no-unused-vars
   3:5  warning  'h1' is assigned a value but never used  no-unused-vars
   4:5  warning  'h2' is assigned a value but never used  no-unused-vars
   5:5  warning  'L' is assigned a value but never used   no-unused-vars
   6:5  warning  'L1' is assigned a value but never used  no-unused-vars
   7:5  warning  'f' is assigned a value but never used   no-unused-vars
   8:5  warning  'v_B' is defined but never used          no-unused-vars
   9:5  warning  'Q_ms' is defined but never used         no-unused-vars
  10:5  warning  'Q_ls' is defined but never used         no-unused-vars
  11:5  warning  'p_C' is defined but never used          no-unused-vars

/home/runner/work/exp-flow-syphon-iitb/exp-flow-syphon-iitb/experiment/simulation/js/gauss_ele.js
  42:10  warning  'gauss_ele' is defined but never used  no-unused-vars

/home/runner/work/exp-flow-syphon-iitb/exp-flow-syphon-iitb/experiment/simulation/js/screen_size.js
  1:10  warning  'set_screen_size' is defined but never used  no-unused-vars

/home/runner/work/exp-flow-syphon-iitb/exp-flow-syphon-iitb/experiment/simulation/js/trap.js
   4:10  warning  'generate_data' is defined but never used  no-unused-vars
  13:10  warning  'trap' is defined but never used           no-unused-vars
  21:10  warning  'sim1by3' is defined but never used        no-unused-vars
  29:10  warning  'sim3by8' is defined but never used        no-unused-vars

✖ 138 problems (0 errors, 138 warnings)

